<?xml version="1.0" encoding="UTF-8"?>
<!-- Generated by org.testng.reporters.JUnitReportReporter -->
<testsuite skipped="4" hostname="LAPTOP-P2SCE6NO" name="tests.HezkyTechPageTest.LoginPageTest" tests="28" failures="0" timestamp="2025-04-02T16:22:04 IST" time="16.461" errors="0">
  <testcase name="LP_001_verifyCompanyLogoVisible" time="10.109" classname="tests.HezkyTechPageTest.LoginPageTest"/>
  <testcase name="LP_002_verifyPageScrollPresence" time="0.640" classname="tests.HezkyTechPageTest.LoginPageTest"/>
  <testcase name="LP_007_verifyAllLinksClickable" time="2.531" classname="tests.HezkyTechPageTest.LoginPageTest"/>
  <testcase name="LP_008_verifyNavigationBackFromLinks" time="2.099" classname="tests.HezkyTechPageTest.LoginPageTest"/>
  <testcase name="LP_009_verifyForgotPasswordFunctionality" time="0.047" classname="tests.HezkyTechPageTest.LoginPageTest"/>
  <testcase name="LP_010_verifyNavigationBackFromForgotPassword" time="0.067" classname="tests.HezkyTechPageTest.LoginPageTest"/>
  <testcase name="LP_011_verifyErrorMessageForInvalidEmail" time="0.055" classname="tests.HezkyTechPageTest.LoginPageTest"/>
  <testcase name="LP_012_verifyOTPSentForValidEmail" time="0.046" classname="tests.HezkyTechPageTest.LoginPageTest"/>
  <testcase name="LP_013_verifyUpdatePasswordPageAfterOTP" time="0.048" classname="tests.HezkyTechPageTest.LoginPageTest"/>
  <testcase name="LP_014_verifyErrorForWrongOTP" time="0.039" classname="tests.HezkyTechPageTest.LoginPageTest"/>
  <testcase name="LP_015_verifyResendOTPFunctionality" time="0.065" classname="tests.HezkyTechPageTest.LoginPageTest"/>
  <testcase name="LP_016_verifySuccessfulLogin" time="0.051" classname="tests.HezkyTechPageTest.LoginPageTest"/>
  <testcase name="LP_017_verifyOTPSentAfterValidLogin" time="0.042" classname="tests.HezkyTechPageTest.LoginPageTest"/>
  <testcase name="LP_018_verifyAuthorizationPageAfterLogin" time="0.069" classname="tests.HezkyTechPageTest.LoginPageTest"/>
  <testcase name="LP_019_verifySuccessfulLoginAfterOTP" time="0.060" classname="tests.HezkyTechPageTest.LoginPageTest"/>
  <testcase name="LP_020_verifyLoginFailureWithInvalidOTP" time="0.056" classname="tests.HezkyTechPageTest.LoginPageTest"/>
  <testcase name="LP_021_verifyLoginFailureWithInvalidCredentials" time="0.041" classname="tests.HezkyTechPageTest.LoginPageTest"/>
  <testcase name="LP_022_verifyLoginFailureWithIncorrectCustomerID" time="0.060" classname="tests.HezkyTechPageTest.LoginPageTest"/>
  <testcase name="LP_023_verifyLoginFailureWithMissingCustomerID" time="0.057" classname="tests.HezkyTechPageTest.LoginPageTest"/>
  <testcase name="LP_024_verifyAccountLockoutAfterFailedAttempts" time="0.061" classname="tests.HezkyTechPageTest.LoginPageTest"/>
  <testcase name="LP_025_verifyErrorMessageAfterFailedAttempts" time="0.059" classname="tests.HezkyTechPageTest.LoginPageTest"/>
  <testcase name="LP_026_verifySuccessfulLoginAfterRetry" time="0.067" classname="tests.HezkyTechPageTest.LoginPageTest"/>
  <testcase name="LP_027_verifyErrorMessageForMissingFields" time="0.048" classname="tests.HezkyTechPageTest.LoginPageTest"/>
  <testcase name="LP_028_verifyDataAccessAfterLogin" time="0.044" classname="tests.HezkyTechPageTest.LoginPageTest"/>
  <testcase name="LP_006_verifyMouseCursorOnTextClick" classname="tests.HezkyTechPageTest.LoginPageTest">
    <skipped/>
  </testcase> <!-- LP_006_verifyMouseCursorOnTextClick -->
  <testcase name="LP_003_verifyMouseCursorAtEmailTextbox" classname="tests.HezkyTechPageTest.LoginPageTest">
    <skipped/>
  </testcase> <!-- LP_003_verifyMouseCursorAtEmailTextbox -->
  <testcase name="LP_004_verifyCursorChangeOnHover" classname="tests.HezkyTechPageTest.LoginPageTest">
    <skipped/>
  </testcase> <!-- LP_004_verifyCursorChangeOnHover -->
  <testcase name="LP_005_verifyTooltipOnHover" classname="tests.HezkyTechPageTest.LoginPageTest">
    <skipped/>
  </testcase> <!-- LP_005_verifyTooltipOnHover -->
</testsuite> <!-- tests.HezkyTechPageTest.LoginPageTest -->
