<?xml version="1.0" encoding="UTF-8"?>
<!-- Generated by org.testng.reporters.JUnitReportReporter -->
<testsuite hostname="LAPTOP-P2SCE6NO" failures="0" tests="28" name="tests.HezkyTechPageTest.LoginPageTest" time="8.132" errors="0" timestamp="2025-04-03T10:43:55 IST" skipped="4">
  <testcase classname="tests.HezkyTechPageTest.LoginPageTest" name="LP_001_verifyCompanyLogoVisible" time="3.424"/>
  <testcase classname="tests.HezkyTechPageTest.LoginPageTest" name="LP_002_verifyPageScrollPresence" time="0.392"/>
  <testcase classname="tests.HezkyTechPageTest.LoginPageTest" name="LP_007_verifyAllLinksClickable" time="1.703"/>
  <testcase classname="tests.HezkyTechPageTest.LoginPageTest" name="LP_008_verifyNavigationBackFromLinks" time="1.366"/>
  <testcase classname="tests.HezkyTechPageTest.LoginPageTest" name="LP_009_verifyForgotPasswordFunctionality" time="0.042"/>
  <testcase classname="tests.HezkyTechPageTest.LoginPageTest" name="LP_010_verifyNavigationBackFromForgotPassword" time="0.055"/>
  <testcase classname="tests.HezkyTechPageTest.LoginPageTest" name="LP_011_verifyErrorMessageForInvalidEmail" time="0.048"/>
  <testcase classname="tests.HezkyTechPageTest.LoginPageTest" name="LP_012_verifyOTPSentForValidEmail" time="0.047"/>
  <testcase classname="tests.HezkyTechPageTest.LoginPageTest" name="LP_013_verifyUpdatePasswordPageAfterOTP" time="0.046"/>
  <testcase classname="tests.HezkyTechPageTest.LoginPageTest" name="LP_014_verifyErrorForWrongOTP" time="0.047"/>
  <testcase classname="tests.HezkyTechPageTest.LoginPageTest" name="LP_015_verifyResendOTPFunctionality" time="0.047"/>
  <testcase classname="tests.HezkyTechPageTest.LoginPageTest" name="LP_016_verifySuccessfulLogin" time="0.038"/>
  <testcase classname="tests.HezkyTechPageTest.LoginPageTest" name="LP_017_verifyOTPSentAfterValidLogin" time="0.045"/>
  <testcase classname="tests.HezkyTechPageTest.LoginPageTest" name="LP_018_verifyAuthorizationPageAfterLogin" time="0.047"/>
  <testcase classname="tests.HezkyTechPageTest.LoginPageTest" name="LP_019_verifySuccessfulLoginAfterOTP" time="0.063"/>
  <testcase classname="tests.HezkyTechPageTest.LoginPageTest" name="LP_020_verifyLoginFailureWithInvalidOTP" time="0.048"/>
  <testcase classname="tests.HezkyTechPageTest.LoginPageTest" name="LP_021_verifyLoginFailureWithInvalidCredentials" time="0.051"/>
  <testcase classname="tests.HezkyTechPageTest.LoginPageTest" name="LP_022_verifyLoginFailureWithIncorrectCustomerID" time="0.052"/>
  <testcase classname="tests.HezkyTechPageTest.LoginPageTest" name="LP_023_verifyLoginFailureWithMissingCustomerID" time="0.047"/>
  <testcase classname="tests.HezkyTechPageTest.LoginPageTest" name="LP_024_verifyAccountLockoutAfterFailedAttempts" time="0.039"/>
  <testcase classname="tests.HezkyTechPageTest.LoginPageTest" name="LP_025_verifyErrorMessageAfterFailedAttempts" time="0.055"/>
  <testcase classname="tests.HezkyTechPageTest.LoginPageTest" name="LP_026_verifySuccessfulLoginAfterRetry" time="0.336"/>
  <testcase classname="tests.HezkyTechPageTest.LoginPageTest" name="LP_027_verifyErrorMessageForMissingFields" time="0.049"/>
  <testcase classname="tests.HezkyTechPageTest.LoginPageTest" name="LP_028_verifyDataAccessAfterLogin" time="0.045"/>
  <testcase classname="tests.HezkyTechPageTest.LoginPageTest" name="LP_006_verifyMouseCursorOnTextClick">
    <skipped/>
  </testcase> <!-- LP_006_verifyMouseCursorOnTextClick -->
  <testcase classname="tests.HezkyTechPageTest.LoginPageTest" name="LP_003_verifyMouseCursorAtEmailTextbox">
    <skipped/>
  </testcase> <!-- LP_003_verifyMouseCursorAtEmailTextbox -->
  <testcase classname="tests.HezkyTechPageTest.LoginPageTest" name="LP_004_verifyCursorChangeOnHover">
    <skipped/>
  </testcase> <!-- LP_004_verifyCursorChangeOnHover -->
  <testcase classname="tests.HezkyTechPageTest.LoginPageTest" name="LP_005_verifyTooltipOnHover">
    <skipped/>
  </testcase> <!-- LP_005_verifyTooltipOnHover -->
</testsuite> <!-- tests.HezkyTechPageTest.LoginPageTest -->
